<?xml version="1.0" encoding="UTF-8"?>

<databaseChangeLog xmlns="http://www.liquibase.org/xml/ns/dbchangelog"
                   xmlns:xsi="http://www.w3.org/2001/XMLSchema-instance"
                   xsi:schemaLocation="http://www.liquibase.org/xml/ns/dbchangelog http://www.liquibase.org/xml/ns/dbchangelog/dbchangelog-3.4.xsd">
    <property  name="database.name"  value="document-flow-test"/>


    <include file="classpath:db/changelog/initial-changesets/initial-tables/db.init-changelog.xml"/>
    <include file="classpath:db/changelog/initial-changesets/initial-data-test/data.init-test-changelog.xml"/>
    <include file="classpath:db/changelog/updates/db.update-changelog.xml"/>

</databaseChangeLog>